Name                         Stmts   Miss  Cover   Missing
----------------------------------------------------------
model.py                       129     10    92%   31, 50, 69, 114, 135, 157, 180, 309-311
seed.py                        110    110     0%   1-229
server.py                      153     31    80%   84-89, 188, 195, 291-297, 303-309, 330-332, 341-358, 377-385
tests.py                        75      0   100%
----------------------------------------------------------
TOTAL                          467    151    68%
